<?xml version="1.0" encoding="UTF-8"?>
<!-- Generated by org.testng.reporters.JUnitReportReporter -->
<testsuite hostname="Fayyaz" failures="0" tests="2" name="cucumber.TestRunnerTestNG" time="22.015" errors="0" timestamp="2024-03-30T07:55:06 IST" skipped="0">
  <testcase classname="cucumber.TestRunnerTestNG" name="runScenario" time="3.789"/>
  <testcase classname="cucumber.TestRunnerTestNG" name="runScenario" time="18.226"/>
</testsuite> <!-- cucumber.TestRunnerTestNG -->
