<?xml version="1.0" encoding="UTF-8"?>
<!-- Generated by org.testng.reporters.JUnitReportReporter -->
<testsuite hostname="Fayyaz" failures="0" tests="2" name="fayyaz.test.errorvalidation" time="8.460" errors="0" timestamp="2024-03-30T17:29:01 IST" skipped="0">
  <testcase classname="fayyaz.test.errorvalidation" name="submitorder1" time="2.834"/>
  <testcase classname="fayyaz.test.errorvalidation" name="producterrorvalidation" time="5.626"/>
</testsuite> <!-- fayyaz.test.errorvalidation -->
