<?xml version="1.0" encoding="UTF-8"?>
<!-- Generated by org.testng.reporters.JUnitReportReporter -->
<testsuite hostname="Fayyaz" failures="0" tests="3" name="fayyaz.test.Standalone2" time="26.860" errors="0" timestamp="2024-03-30T17:29:01 IST" skipped="0">
  <testcase classname="fayyaz.test.Standalone2" name="submitorder" time="17.082"/>
  <testcase classname="fayyaz.test.Standalone2" name="orderHistoryTest" time="3.955"/>
  <testcase classname="fayyaz.test.Standalone2" name="submitorder" time="5.823"/>
</testsuite> <!-- fayyaz.test.Standalone2 -->
