<?xml version="1.0" encoding="UTF-8"?>
<!-- Generated by org.testng.reporters.JUnitReportReporter -->
<testsuite hostname="Fayyaz" failures="0" tests="2" name="fayyaz.test.Standalone2" time="23.862" errors="0" timestamp="2024-03-31T07:48:35 IST" skipped="0">
  <testcase classname="fayyaz.test.Standalone2" name="submitorder" time="5.058"/>
  <testcase classname="fayyaz.test.Standalone2" name="submitorder" time="18.804"/>
</testsuite> <!-- fayyaz.test.Standalone2 -->
