<?xml version="1.0" encoding="UTF-8"?>
<!-- Generated by org.testng.reporters.JUnitReportReporter -->
<testsuite hostname="Fayyaz" failures="0" tests="2" name="fayyaz.test.errorvalidation" time="21.695" errors="0" timestamp="2024-03-30T17:59:48 IST" skipped="0">
  <testcase classname="fayyaz.test.errorvalidation" name="producterrorvalidation" time="17.586"/>
  <testcase classname="fayyaz.test.errorvalidation" name="submitorder1" time="4.109"/>
</testsuite> <!-- fayyaz.test.errorvalidation -->
